#
# There is insufficient memory for the Java Runtime Environment to continue.
# Native memory allocation (malloc) failed to allocate 32744 bytes for ChunkPool::allocate
# Possible reasons:
#   The system is out of physical RAM or swap space
#   In 32 bit mode, the process size limit was hit
# Possible solutions:
#   Reduce memory load on the system
#   Increase physical memory or swap space
#   Check if swap backing store is full
#   Use 64 bit Java on a 64 bit OS
#   Decrease Java heap size (-Xmx/-Xms)
#   Decrease number of Java threads
#   Decrease Java thread stack sizes (-Xss)
#   Set larger code cache with -XX:ReservedCodeCacheSize=
# This output file may be truncated or incomplete.
#
#  Out of Memory Error (allocation.cpp:273), pid=20068, tid=0x0000000000003fe8
#
# JRE version: OpenJDK Runtime Environment (8.0_152-b01) (build 1.8.0_152-release-915-b01)
# Java VM: OpenJDK 64-Bit Server VM (25.152-b01 mixed mode windows-amd64 compressed oops)
# Failed to write core dump. Minidumps are not enabled by default on client versions of Windows
#

---------------  T H R E A D  ---------------

Current thread (0x0000000014c35000):  JavaThread "C1 CompilerThread2" daemon [_thread_in_native, id=16360, stack(0x0000000015130000,0x0000000015230000)]

Stack: [0x0000000015130000,0x0000000015230000]
[error occurred during error reporting (printing stack bounds), id 0xc0000005]

Native frames: (J=compiled Java code, j=interpreted, Vv=VM code, C=native code)


Current CompileTask:
C1:   2356  850       3       org.objectweb.asm.FieldWriter::a (262 bytes)


---------------  P R O C E S S  ---------------

Java Threads: ( => current thread )
  0x0000000014c3b800 JavaThread "Service Thread" daemon [_thread_blocked, id=21444, stack(0x0000000015230000,0x0000000015330000)]
=>0x0000000014c35000 JavaThread "C1 CompilerThread2" daemon [_thread_in_native, id=16360, stack(0x0000000015130000,0x0000000015230000)]
  0x0000000014c32000 JavaThread "C2 CompilerThread1" daemon [_thread_in_native, id=20824, stack(0x0000000015030000,0x0000000015130000)]
  0x00000000134cb000 JavaThread "C2 CompilerThread0" daemon [_thread_blocked, id=2032, stack(0x0000000014b30000,0x0000000014c30000)]
  0x00000000134db000 JavaThread "Attach Listener" daemon [_thread_blocked, id=7120, stack(0x0000000014a30000,0x0000000014b30000)]
  0x00000000134d9800 JavaThread "Signal Dispatcher" daemon [_thread_blocked, id=10464, stack(0x0000000014930000,0x0000000014a30000)]
  0x0000000003169000 JavaThread "Finalizer" daemon [_thread_blocked, id=15424, stack(0x0000000014730000,0x0000000014830000)]
  0x0000000003164000 JavaThread "Reference Handler" daemon [_thread_blocked, id=19580, stack(0x0000000014630000,0x0000000014730000)]
  0x0000000003073800 JavaThread "main" [_thread_in_vm, id=11496, stack(0x0000000002f70000,0x0000000003070000)]

Other Threads:
  0x0000000013495000 VMThread [stack: 0x0000000014530000,0x0000000014630000] [id=19544]
  0x0000000014c3c000 WatcherThread [stack: 0x0000000015330000,0x0000000015430000] [id=16624]

VM state:not at safepoint (normal execution)

VM Mutex/Monitor currently owned by a thread: None

Heap:
 PSYoungGen      total 18944K, used 15560K [0x00000000feb00000, 0x0000000100000000, 0x0000000100000000)
  eden space 16384K, 79% used [0x00000000feb00000,0x00000000ff7ba1c8,0x00000000ffb00000)
  from space 2560K, 98% used [0x00000000ffb00000,0x00000000ffd78030,0x00000000ffd80000)
  to   space 2560K, 0% used [0x00000000ffd80000,0x00000000ffd80000,0x0000000100000000)
 ParOldGen       total 44032K, used 1706K [0x00000000fc000000, 0x00000000feb00000, 0x00000000feb00000)
  object space 44032K, 3% used [0x00000000fc000000,0x00000000fc1aa908,0x00000000feb00000)
 Metaspace       used 7448K, capacity 7592K, committed 7680K, reserved 1056768K
  class space    used 868K, capacity 956K, committed 1024K, reserved 1048576K

Card table byte_map: [0x0000000002d90000,0x0000000002dc0000] byte_map_base: 0x00000000025b0000

Marking Bits: (ParMarkBitMap*) 0x0000000077ea3950
 Begin Bits: [0x0000000012930000, 0x0000000012a30000)
 End Bits:   [0x0000000012a30000, 0x0000000012b30000)

Polling page: 0x00000000015a0000

CodeCache: size=245760Kb used=3238Kb max_used=3238Kb free=242521Kb
 bounds [0x0000000003170000, 0x00000000034a0000, 0x0000000012170000]
 total_blobs=1179 nmethods=848 adapters=245
 compilation: enabled

Compilation events (10 events):
Event: 2.334 Thread 0x0000000014c35000 nmethod 845 0x00000000034993d0 code [0x0000000003499580, 0x0000000003499bd8]
Event: 2.334 Thread 0x0000000014c35000  846       3       com.google.devtools.build.android.desugar.LambdaDesugaring$InvokedynamicRewriter::visitEnd (9 bytes)
Event: 2.334 Thread 0x0000000014c35000 nmethod 846 0x0000000003495c50 code [0x0000000003495dc0, 0x0000000003495fc8]
Event: 2.334 Thread 0x0000000014c35000  847       3       org.objectweb.asm.MethodWriter::visitEnd (1 bytes)
Event: 2.334 Thread 0x0000000014c35000 nmethod 847 0x0000000003495910 code [0x0000000003495a60, 0x0000000003495bb0]
Event: 2.335 Thread 0x0000000014c35000  848       3       com.google.devtools.build.android.desugar.LambdaDesugaring$InvokedynamicRewriter::<init> (42 bytes)
Event: 2.335 Thread 0x0000000014c35000 nmethod 848 0x0000000003499e10 code [0x0000000003499fe0, 0x000000000349a7c8]
Event: 2.335 Thread 0x0000000014c35000  849       3       com.google.devtools.build.android.desugar.DefaultMethodClassFixer::recordIfInstanceMethod (41 bytes)
Event: 2.336 Thread 0x0000000014c35000 nmethod 849 0x000000000349ac10 code [0x000000000349ae40, 0x000000000349bb58]
Event: 2.354 Thread 0x0000000014c35000  850       3       org.objectweb.asm.FieldWriter::a (262 bytes)

GC Heap History (2 events):
Event: 1.765 GC heap before
{Heap before GC invocations=1 (full 0):
 PSYoungGen      total 18944K, used 16384K [0x00000000feb00000, 0x0000000100000000, 0x0000000100000000)
  eden space 16384K, 100% used [0x00000000feb00000,0x00000000ffb00000,0x00000000ffb00000)
  from space 2560K, 0% used [0x00000000ffd80000,0x00000000ffd80000,0x0000000100000000)
  to   space 2560K, 0% used [0x00000000ffb00000,0x00000000ffb00000,0x00000000ffd80000)
 ParOldGen       total 44032K, used 0K [0x00000000fc000000, 0x00000000feb00000, 0x00000000feb00000)
  object space 44032K, 0% used [0x00000000fc000000,0x00000000fc000000,0x00000000feb00000)
 Metaspace       used 6482K, capacity 6682K, committed 6784K, reserved 1056768K
  class space    used 768K, capacity 823K, committed 896K, reserved 1048576K
Event: 1.802 GC heap after
Heap after GC invocations=1 (full 0):
 PSYoungGen      total 18944K, used 2528K [0x00000000feb00000, 0x0000000100000000, 0x0000000100000000)
  eden space 16384K, 0% used [0x00000000feb00000,0x00000000feb00000,0x00000000ffb00000)
  from space 2560K, 98% used [0x00000000ffb00000,0x00000000ffd78030,0x00000000ffd80000)
  to   space 2560K, 0% used [0x00000000ffd80000,0x00000000ffd80000,0x0000000100000000)
 ParOldGen       total 44032K, used 1706K [0x00000000fc000000, 0x00000000feb00000, 0x00000000feb00000)
  object space 44032K, 3% used [0x00000000fc000000,0x00000000fc1aa908,0x00000000feb00000)
 Metaspace       used 6482K, capacity 6682K, committed 6784K, reserved 1056768K
  class space    used 768K, capacity 823K, committed 896K, reserved 1048576K
}

Deoptimization events (10 events):
Event: 1.742 Thread 0x0000000003073800 Uncommon trap: reason=unstable_if action=reinterpret pc=0x0000000003381e3c method=java.util.zip.ZipCoder.decoder()Ljava/nio/charset/CharsetDecoder; @ 4
Event: 1.743 Thread 0x0000000003073800 Uncommon trap: reason=unstable_if action=reinterpret pc=0x000000000337945c method=java.util.zip.ZipFile$ZipEntryIterator.hasNext()Z @ 25
Event: 1.743 Thread 0x0000000003073800 Uncommon trap: reason=unstable_if action=reinterpret pc=0x0000000003385a0c method=java.util.zip.ZipCoder.decoder()Ljava/nio/charset/CharsetDecoder; @ 4
Event: 1.817 Thread 0x0000000003073800 Uncommon trap: reason=unstable_if action=reinterpret pc=0x000000000338a38c method=java.util.zip.ZipCoder.decoder()Ljava/nio/charset/CharsetDecoder; @ 4
Event: 1.817 Thread 0x0000000003073800 Uncommon trap: reason=unstable_if action=reinterpret pc=0x0000000003377d60 method=java.util.zip.ZipCoder.decoder()Ljava/nio/charset/CharsetDecoder; @ 4
Event: 1.818 Thread 0x0000000003073800 Uncommon trap: reason=unstable_if action=reinterpret pc=0x0000000003374370 method=java.util.zip.ZipCoder.decoder()Ljava/nio/charset/CharsetDecoder; @ 4
Event: 1.824 Thread 0x0000000003073800 Uncommon trap: reason=unstable_if action=reinterpret pc=0x0000000003399a88 method=java.util.HashMap$HashIterator.nextNode()Ljava/util/HashMap$Node; @ 74
Event: 1.946 Thread 0x0000000003073800 Uncommon trap: reason=unstable_if action=reinterpret pc=0x000000000338fac8 method=java.util.HashMap$HashIterator.nextNode()Ljava/util/HashMap$Node; @ 74
Event: 2.035 Thread 0x0000000003073800 Uncommon trap: reason=unloaded action=reinterpret pc=0x000000000338803c method=java.util.zip.ZipEntry.setExtra0([BZ)V @ 37
Event: 2.197 Thread 0x0000000003073800 Uncommon trap: reason=unstable_if action=reinterpret pc=0x0000000003358070 method=java.lang.String.<init>([CII)V @ 18

Classes redefined (0 events):
No events

Internal exceptions (10 events):
Event: 1.818 Thread 0x0000000003073800 Implicit null exception at 0x0000000003373ef8 to 0x0000000003374355
Event: 1.890 Thread 0x0000000003073800 Exception <a 'sun/nio/fs/WindowsException'> (0x00000000ff0f6af8) thrown at [D:\src\AOSP-openjdk-cygwin\jdk8u\hotspot\src\share\vm\prims\jni.cpp, line 709]
Event: 1.891 Thread 0x0000000003073800 Exception <a 'sun/nio/fs/WindowsException'> (0x00000000ff0f70c8) thrown at [D:\src\AOSP-openjdk-cygwin\jdk8u\hotspot\src\share\vm\prims\jni.cpp, line 709]
Event: 1.891 Thread 0x0000000003073800 Exception <a 'sun/nio/fs/WindowsException'> (0x00000000ff0f76a0) thrown at [D:\src\AOSP-openjdk-cygwin\jdk8u\hotspot\src\share\vm\prims\jni.cpp, line 709]
Event: 1.891 Thread 0x0000000003073800 Exception <a 'sun/nio/fs/WindowsException'> (0x00000000ff0f7e70) thrown at [D:\src\AOSP-openjdk-cygwin\jdk8u\hotspot\src\share\vm\prims\jni.cpp, line 709]
Event: 1.891 Thread 0x0000000003073800 Exception <a 'sun/nio/fs/WindowsException'> (0x00000000ff0f8420) thrown at [D:\src\AOSP-openjdk-cygwin\jdk8u\hotspot\src\share\vm\prims\jni.cpp, line 709]
Event: 1.891 Thread 0x0000000003073800 Exception <a 'sun/nio/fs/WindowsException'> (0x00000000ff0f8bd0) thrown at [D:\src\AOSP-openjdk-cygwin\jdk8u\hotspot\src\share\vm\prims\jni.cpp, line 709]
Event: 1.962 Thread 0x0000000003073800 Exception <a 'sun/nio/fs/WindowsException'> (0x00000000ff0fdfa8) thrown at [D:\src\AOSP-openjdk-cygwin\jdk8u\hotspot\src\share\vm\prims\jni.cpp, line 709]
Event: 2.065 Thread 0x0000000003073800 Exception <a 'sun/nio/fs/WindowsException'> (0x00000000ff295bd0) thrown at [D:\src\AOSP-openjdk-cygwin\jdk8u\hotspot\src\share\vm\prims\jni.cpp, line 709]
Event: 2.065 Thread 0x0000000003073800 Exception <a 'sun/nio/fs/WindowsException'> (0x00000000ff296150) thrown at [D:\src\AOSP-openjdk-cygwin\jdk8u\hotspot\src\share\vm\prims\jni.cpp, line 709]

Events (10 events):
Event: 2.189 loading class org/objectweb/asm/tree/LocalVariableNode done
Event: 2.190 loading class org/objectweb/asm/Edge
Event: 2.190 loading class org/objectweb/asm/Edge done
Event: 2.197 Thread 0x0000000003073800 Uncommon trap: trap_request=0xffffff65 fr.pc=0x0000000003358070
Event: 2.197 Thread 0x0000000003073800 DEOPT PACKING pc=0x0000000003358070 sp=0x000000000306ecb0
Event: 2.197 Thread 0x0000000003073800 DEOPT UNPACKING pc=0x00000000031b556a sp=0x000000000306ec78 mode 2
Event: 2.211 loading class org/objectweb/asm/tree/TryCatchBlockNode
Event: 2.211 loading class org/objectweb/asm/tree/TryCatchBlockNode done
Event: 2.212 loading class org/objectweb/asm/Handler
Event: 2.212 loading class org/objectweb/asm/Handler done


Dynamic libraries:
0x00007ff75b1f0000 - 0x00007ff75b221000 	C:\Program Files\Android\Android Studio\jre\bin\java.exe
0x00007ffba6a00000 - 0x00007ffba6bdb000 	C:\WINDOWS\SYSTEM32\ntdll.dll
0x00007ffba6450000 - 0x00007ffba64fe000 	C:\WINDOWS\System32\KERNEL32.DLL
0x00007ffba2f70000 - 0x00007ffba31b9000 	C:\WINDOWS\System32\KERNELBASE.dll
0x00007ffba4440000 - 0x00007ffba44e1000 	C:\WINDOWS\System32\ADVAPI32.dll
0x00007ffba40d0000 - 0x00007ffba416d000 	C:\WINDOWS\System32\msvcrt.dll
0x00007ffba5a60000 - 0x00007ffba5ab9000 	C:\WINDOWS\System32\sechost.dll
0x00007ffba5ac0000 - 0x00007ffba5be5000 	C:\WINDOWS\System32\RPCRT4.dll
0x00007ffba5bf0000 - 0x00007ffba5d3a000 	C:\WINDOWS\System32\USER32.dll
0x00007ffba3460000 - 0x00007ffba347e000 	C:\WINDOWS\System32\win32u.dll
0x00007ffba6800000 - 0x00007ffba6827000 	C:\WINDOWS\System32\GDI32.dll
0x00007ffba31c0000 - 0x00007ffba3347000 	C:\WINDOWS\System32\gdi32full.dll
0x00007ffba33c0000 - 0x00007ffba345a000 	C:\WINDOWS\System32\msvcp_win.dll
0x00007ffba3480000 - 0x00007ffba3576000 	C:\WINDOWS\System32\ucrtbase.dll
0x00007ffb98430000 - 0x00007ffb98697000 	C:\WINDOWS\WinSxS\amd64_microsoft.windows.common-controls_6595b64144ccf1df_6.0.15063.483_none_26002d27e7c744a2\COMCTL32.dll
0x00007ffba6500000 - 0x00007ffba67f9000 	C:\WINDOWS\System32\combase.dll
0x00007ffba3350000 - 0x00007ffba33ba000 	C:\WINDOWS\System32\bcryptPrimitives.dll
0x00007ffba5fd0000 - 0x00007ffba5ffd000 	C:\WINDOWS\System32\IMM32.DLL
0x0000000073df0000 - 0x0000000073ec2000 	C:\Program Files\Android\Android Studio\jre\jre\bin\msvcr100.dll
0x00000000776e0000 - 0x0000000077f1e000 	C:\Program Files\Android\Android Studio\jre\jre\bin\server\jvm.dll
0x00007ffba69f0000 - 0x00007ffba69f8000 	C:\WINDOWS\System32\PSAPI.DLL
0x00007ffb8acd0000 - 0x00007ffb8acd9000 	C:\WINDOWS\SYSTEM32\WSOCK32.dll
0x00007ffba5f60000 - 0x00007ffba5fcc000 	C:\WINDOWS\System32\WS2_32.dll
0x00007ffb9f510000 - 0x00007ffb9f533000 	C:\WINDOWS\SYSTEM32\WINMM.dll
0x00007ffb9e710000 - 0x00007ffb9e71a000 	C:\WINDOWS\SYSTEM32\VERSION.dll
0x00007ffb9f4b0000 - 0x00007ffb9f4db000 	C:\WINDOWS\SYSTEM32\WINMMBASE.dll
0x00007ffba2f20000 - 0x00007ffba2f69000 	C:\WINDOWS\System32\cfgmgr32.dll
0x00007ffb95490000 - 0x00007ffb9549f000 	C:\Program Files\Android\Android Studio\jre\jre\bin\verify.dll
0x00007ffb87bd0000 - 0x00007ffb87bf9000 	C:\Program Files\Android\Android Studio\jre\jre\bin\java.dll
0x00007ffb8a3d0000 - 0x00007ffb8a3e6000 	C:\Program Files\Android\Android Studio\jre\jre\bin\zip.dll
0x00007ffba45a0000 - 0x00007ffba59d7000 	C:\WINDOWS\System32\SHELL32.dll
0x00007ffba44f0000 - 0x00007ffba459a000 	C:\WINDOWS\System32\shcore.dll
0x00007ffba3860000 - 0x00007ffba3f51000 	C:\WINDOWS\System32\windows.storage.dll
0x00007ffba4070000 - 0x00007ffba40c1000 	C:\WINDOWS\System32\shlwapi.dll
0x00007ffba2f00000 - 0x00007ffba2f11000 	C:\WINDOWS\System32\kernel.appcore.dll
0x00007ffba2eb0000 - 0x00007ffba2efc000 	C:\WINDOWS\System32\powrprof.dll
0x00007ffba2e70000 - 0x00007ffba2e85000 	C:\WINDOWS\System32\profapi.dll
0x00007ffba2930000 - 0x00007ffba2947000 	C:\WINDOWS\SYSTEM32\CRYPTSP.dll
0x00007ffba23a0000 - 0x00007ffba23d4000 	C:\WINDOWS\system32\rsaenh.dll
0x00007ffba2a30000 - 0x00007ffba2a55000 	C:\WINDOWS\SYSTEM32\bcrypt.dll
0x00007ffba2da0000 - 0x00007ffba2dc9000 	C:\WINDOWS\SYSTEM32\USERENV.dll
0x00007ffba2920000 - 0x00007ffba292b000 	C:\WINDOWS\SYSTEM32\CRYPTBASE.dll
0x00007ffb8b100000 - 0x00007ffb8b11a000 	C:\Program Files\Android\Android Studio\jre\jre\bin\net.dll
0x00007ffba2780000 - 0x00007ffba27dc000 	C:\WINDOWS\system32\mswsock.dll
0x00007ffba2520000 - 0x00007ffba2557000 	C:\WINDOWS\SYSTEM32\IPHLPAPI.DLL
0x00007ffba4170000 - 0x00007ffba4178000 	C:\WINDOWS\System32\NSI.dll
0x00007ffb9c670000 - 0x00007ffb9c686000 	C:\WINDOWS\SYSTEM32\dhcpcsvc6.DLL
0x00007ffb9c370000 - 0x00007ffb9c38a000 	C:\WINDOWS\SYSTEM32\dhcpcsvc.DLL
0x00007ffb8b0e0000 - 0x00007ffb8b0f1000 	C:\Program Files\Android\Android Studio\jre\jre\bin\nio.dll

VM Arguments:
jvm_args: -Djava.awt.headless=true -Xmx64M -Dfile.encoding=windows-1252 -Duser.country=US -Duser.language=en -Duser.variant 
java_command: com.google.devtools.build.android.desugar.Desugar --input K:\AndroidDev\BluetoothTest\app\build\intermediates\transforms\stackFramesFixer\debug\0.jar --output K:\AndroidDev\BluetoothTest\app\build\intermediates\transforms\desugar\debug\1.jar --input K:\AndroidDev\BluetoothTest\app\build\intermediates\transforms\stackFramesFixer\debug\3.jar --output K:\AndroidDev\BluetoothTest\app\build\intermediates\transforms\desugar\debug\4.jar --input K:\AndroidDev\BluetoothTest\app\build\intermediates\classes\debug --output K:\AndroidDev\BluetoothTest\app\build\intermediates\transforms\desugar\debug\0 --input K:\AndroidDev\BluetoothTest\app\build\intermediates\transforms\stackFramesFixer\debug\4.jar --output K:\AndroidDev\BluetoothTest\app\build\intermediates\transforms\desugar\debug\5.jar --classpath_entry K:\AndroidDev\BluetoothTest\app\build\intermediates\classes\debug --classpath_entry K:\AndroidDev\BluetoothTest\app\build\intermediates\transforms\stackFramesFixer\debug\0.jar --classpath_entry K:\AndroidDev\BluetoothTest\app\build\intermediates\transforms\stackFramesFixer\debug\1.jar --classpath_entry K:\AndroidDev\BluetoothTest\app\build\intermediates\transforms\stackFramesFixer\debug\2.jar --classpath_entry K:\AndroidDev\BluetoothTest\app\build\intermediates\transforms\stackFramesFixer\debug\3.jar --classpath_entry K:\AndroidDev\BluetoothTest\app\build\intermediates\transforms\stackFramesFixer\debug\4.jar --classpath_entry K:\AndroidDev\BluetoothTest\app\build\intermediates\transforms\stackFramesFixer\debug\5.jar --classpath_entry K:\AndroidDev\BluetoothTest\app\build\intermediates\transforms\stackFramesFixer\debug\6.jar --classpath_entry K:\AndroidDev\BluetoothTest\app\build\intermediates\transforms\stackFramesFixer\debug\7.jar --classpath_entry K:\AndroidDev\BluetoothTest\app\build\intermediates\transforms\stackFramesFixer\debug\8.jar --classpath_entry K:\AndroidDev\BluetoothTest\app\build\intermediates\transforms\stackFramesFixer\debug\9.jar --classpath_
java_class_path (initial): C:\Users\Colin\AppData\Local\Temp\desugar_deploy.jar9064975115638386326
Launcher Type: SUN_STANDARD

Environment Variables:
PATH=C:\Program Files\NVIDIA GPU Computing Toolkit\CUDA\v8.0\bin;C:\Program Files\NVIDIA GPU Computing Toolkit\CUDA\v8.0\libnvvp;C:\Program Files\Oculus\Support\oculus-runtime;C:\Python27\;C:\Python27\Scripts;C:\ProgramData\Oracle\Java\javapath;C:\Windows\system32;C:\Windows;C:\Windows\System32\Wbem;C:\Windows\System32\WindowsPowerShell\v1.0\;C:\Program Files\Microsoft SQL Server\110\Tools\Binn\;C:\Program Files (x86)\Microsoft SDKs\TypeScript\1.0\;C:\Program Files\Microsoft SQL Server\120\Tools\Binn\;C:\Program Files (x86)\Windows Live\Shared;C:\WINDOWS\system32;C:\WINDOWS;C:\WINDOWS\System32\Wbem;C:\WINDOWS\System32\WindowsPowerShell\v1.0\;C:\Program Files (x86)\Heroku\bin;C:\Program Files (x86)\git\cmd;C:\Users\Colin\.dnx\bin;C:\Program Files\Microsoft DNX\Dnvm\;C:\Program Files (x86)\NVIDIA Corporation\PhysX\Common;C:\Program Files (x86)\EaseUS\Todo Backup\bin;C:\Program Files (x86)\Skype\Phone\;C:\Program Files (x86)\GtkSharp\2.12\bin;C:\Program Files\CMake\bin;C:\RailsInstaller\Git\cmd;C:\Program Files\nodejs\;C:\cc65\bin;C:\Users\Colin\Documents\fceux-2.2.3-win32\;C:\WINDOWS\system32;C:\WINDOWS;C:\WINDOWS\System32\Wbem;C:\WINDOWS\System32\WindowsPowerShell\v1.0\;C:\Program Files (x86)\Brackets\command;C:\Users\Colin\Anaconda3;C:\Users\Colin\Anaconda3\Scripts;C:\Users\Colin\Anaconda3\Library\bin;C:\Users\Colin\AppData\Local\Programs\Python\Python35-32\Scripts\;C:\Users\Colin\AppData\Local\Programs\Python\Python35-32\;C:\RailsInstaller\Git\cmd;C:\RailsInstaller\Ruby2.1.0\bin;C:\Program Files (x86)\Google\google_appengine\;C:\Program Files (x86)\Microsoft VS Code\bin;C:\Users\Colin\AppData\Local\Microsoft\WindowsApps;C:\Program Files\Docker Toolbox;C:\Users\Colin\AppData\Roaming\npm;C:\Users\Colin\AppData\Local\atom\bin;C:\flutter\bin;
USERNAME=Colin
OS=Windows_NT
PROCESSOR_IDENTIFIER=Intel64 Family 6 Model 58 Stepping 9, GenuineIntel



---------------  S Y S T E M  ---------------

OS: Windows 10.0 , 64 bit Build 15063 (10.0.15063.296)

CPU:total 4 (initial active 4) (4 cores per cpu, 1 threads per core) family 6 model 58 stepping 9, cmov, cx8, fxsr, mmx, sse, sse2, sse3, ssse3, sse4.1, sse4.2, popcnt, avx, aes, clmul, erms, tsc, tscinvbit, tscinv

Memory: 4k page, physical 16731260k(3074908k free), swap 26478572k(1768k free)

vm_info: OpenJDK 64-Bit Server VM (25.152-b01) for windows-amd64 JRE (1.8.0_152-release-915-b01), built by "builder" with MS VC++ 10.0 (VS2010)

time: Sun Feb 25 19:59:22 2018
elapsed time: 2 seconds (0d 0h 0m 2s)

